TN:
SF:src\services\user.service.js
FN:5,(anonymous_0)
FN:9,(anonymous_1)
FN:14,(anonymous_2)
FN:27,(anonymous_3)
FN:28,(anonymous_4)
FN:40,(anonymous_5)
FN:55,(anonymous_6)
FN:69,(anonymous_7)
FN:74,(anonymous_8)
FN:80,(anonymous_9)
FN:84,(anonymous_10)
FN:88,(anonymous_11)
FN:103,(anonymous_12)
FN:123,(anonymous_13)
FN:132,(anonymous_14)
FN:160,(anonymous_15)
FN:182,(anonymous_16)
FN:186,(anonymous_17)
FN:208,(anonymous_18)
FNF:19
FNH:6
FNDA:10,(anonymous_0)
FNDA:0,(anonymous_1)
FNDA:5,(anonymous_2)
FNDA:5,(anonymous_3)
FNDA:5,(anonymous_4)
FNDA:4,(anonymous_5)
FNDA:5,(anonymous_6)
FNDA:0,(anonymous_7)
FNDA:0,(anonymous_8)
FNDA:0,(anonymous_9)
FNDA:0,(anonymous_10)
FNDA:0,(anonymous_11)
FNDA:0,(anonymous_12)
FNDA:0,(anonymous_13)
FNDA:0,(anonymous_14)
FNDA:0,(anonymous_15)
FNDA:0,(anonymous_16)
FNDA:0,(anonymous_17)
FNDA:0,(anonymous_18)
DA:1,1
DA:2,1
DA:3,1
DA:6,10
DA:10,0
DA:11,0
DA:15,5
DA:28,5
DA:29,5
DA:31,4
DA:34,4
DA:36,4
DA:37,4
DA:42,4
DA:44,4
DA:45,5
DA:46,5
DA:47,5
DA:50,4
DA:56,5
DA:57,4
DA:58,3
DA:59,3
DA:60,1
DA:61,2
DA:62,1
DA:66,1
DA:70,0
DA:71,0
DA:75,0
DA:76,0
DA:77,0
DA:81,0
DA:85,0
DA:91,0
DA:93,0
DA:94,0
DA:95,0
DA:96,0
DA:98,0
DA:100,0
DA:104,0
DA:106,0
DA:107,0
DA:108,0
DA:112,0
DA:115,0
DA:118,0
DA:119,0
DA:120,0
DA:123,0
DA:126,0
DA:128,0
DA:133,0
DA:135,0
DA:136,0
DA:137,0
DA:138,0
DA:139,0
DA:143,0
DA:144,0
DA:148,0
DA:149,0
DA:150,0
DA:154,0
DA:156,0
DA:161,0
DA:163,0
DA:166,0
DA:169,0
DA:172,0
DA:173,0
DA:174,0
DA:175,0
DA:177,0
DA:179,0
DA:183,0
DA:187,0
DA:188,0
DA:196,0
DA:204,0
DA:205,0
DA:209,0
DA:210,0
DA:211,0
DA:212,0
DA:215,0
DA:216,0
DA:218,0
DA:223,1
DA:225,1
LF:91
LH:27
BRDA:29,0,0,1
BRDA:29,0,1,4
BRDA:47,1,0,4
BRDA:47,1,1,1
BRDA:57,2,0,1
BRDA:57,2,1,3
BRDA:59,3,0,1
BRDA:59,3,1,2
BRDA:61,4,0,1
BRDA:61,4,1,1
BRDA:74,5,0,0
BRDA:94,6,0,0
BRDA:94,6,1,0
BRDA:96,7,0,0
BRDA:96,7,1,0
BRDA:107,8,0,0
BRDA:107,8,1,0
BRDA:128,9,0,0
BRDA:128,9,1,0
BRDA:138,10,0,0
BRDA:138,10,1,0
BRDA:143,11,0,0
BRDA:143,11,1,0
BRDA:149,12,0,0
BRDA:149,12,1,0
BRDA:156,13,0,0
BRDA:156,13,1,0
BRDA:179,14,0,0
BRDA:179,14,1,0
BRDA:211,15,0,0
BRDA:211,15,1,0
BRF:31
BRH:10
end_of_record
